<?xml version="1.0" encoding="UTF-8"?>
<!-- Generated by org.testng.reporters.JUnitReportReporter -->
<testsuite hostname="DESKTOP-RNSA0UR" failures="0" tests="1" name="TestNG_basic.Explicit_wait" time="8.543" errors="0" timestamp="2025-08-26T12:27:08 IST" skipped="0">
  <testcase classname="TestNG_basic.Explicit_wait" name="f" time="8.543"/>
</testsuite> <!-- TestNG_basic.Explicit_wait -->
