<?xml version="1.0" encoding="UTF-8"?>
<!-- Generated by org.testng.reporters.JUnitReportReporter -->
<testsuite hostname="DESKTOP-RNSA0UR" failures="0" tests="1" name="TestNG_basic.NewTest12" time="0.013" errors="0" timestamp="2025-08-30T17:15:43 IST" skipped="0">
  <testcase classname="TestNG_basic.NewTest12" name="testLogin" time="0.013"/>
</testsuite> <!-- TestNG_basic.NewTest12 -->
