<?xml version="1.0" encoding="UTF-8"?>
<!-- Generated by org.testng.reporters.JUnitReportReporter -->
<testsuite hostname="DESKTOP-RNSA0UR" failures="0" tests="1" name="TestNG_basic.CrossBrowserTesting" time="9.281" errors="0" timestamp="2025-08-26T12:21:56 IST" skipped="0">
  <testcase classname="TestNG_basic.CrossBrowserTesting" name="chromebrowser1" time="9.281"/>
</testsuite> <!-- TestNG_basic.CrossBrowserTesting -->
