<?xml version="1.0" encoding="UTF-8"?>
<!-- Generated by org.testng.reporters.JUnitReportReporter -->
<testsuite hostname="DESKTOP-RNSA0UR" failures="0" tests="4" name="TestNG_basic.Para_Testing" time="53.693" errors="0" timestamp="2025-08-26T12:32:51 IST" skipped="0">
  <testcase classname="TestNG_basic.Para_Testing" name="flipkart" time="12.505"/>
  <testcase classname="TestNG_basic.Para_Testing" name="zerobank" time="12.136"/>
  <testcase classname="TestNG_basic.Para_Testing" name="amazon" time="11.604"/>
  <testcase classname="TestNG_basic.Para_Testing" name="eBay" time="17.448"/>
</testsuite> <!-- TestNG_basic.Para_Testing -->
